<?xml version="1.0" encoding="UTF-8"?>
<testsuite name="com.phonebook.tests.LoginTests" tests="1" skipped="0" failures="0" errors="0" timestamp="2025-04-28T09:38:05" hostname="DESKTOP-D3ORQKN" time="1.915">
  <properties/>
  <testcase name="loginNegativeWithoutEmailTest" classname="com.phonebook.tests.LoginTests" time="1.915"/>
  <system-out><![CDATA[11:38:05.782 [Test worker] INFO  com.phonebook.tests.TestBase -- Start testloginNegativeWithoutEmailTest[]
11:38:05.787 [Test worker] INFO  com.phonebook.utils.MyListener -- Before find elements By.cssSelector: [href='/login']
11:38:05.788 [Test worker] INFO  com.phonebook.utils.MyListener -- ======================================
11:38:05.891 [Test worker] INFO  com.phonebook.utils.MyListener -- List size1
11:38:05.892 [Test worker] INFO  com.phonebook.utils.MyListener -- ======================================
11:38:05.899 [Test worker] INFO  com.phonebook.utils.MyListener -- The locator will findBy.cssSelector: [href='/login']
11:38:05.901 [Test worker] INFO  com.phonebook.utils.MyListener -- ======================================
11:38:05.949 [Test worker] INFO  com.phonebook.utils.MyListener -- The locator isBy.cssSelector: [href='/login']
11:38:05.950 [Test worker] INFO  com.phonebook.utils.MyListener -- ======================================
11:38:06.129 [Test worker] INFO  com.phonebook.utils.MyListener -- The locator will findBy.name: password
11:38:06.130 [Test worker] INFO  com.phonebook.utils.MyListener -- ======================================
11:38:06.162 [Test worker] INFO  com.phonebook.utils.MyListener -- The locator isBy.name: password
11:38:06.163 [Test worker] INFO  com.phonebook.utils.MyListener -- ======================================
11:38:06.306 [Test worker] INFO  com.phonebook.utils.MyListener -- The locator will findBy.name: password
11:38:06.307 [Test worker] INFO  com.phonebook.utils.MyListener -- ======================================
11:38:06.327 [Test worker] INFO  com.phonebook.utils.MyListener -- The locator isBy.name: password
11:38:06.327 [Test worker] INFO  com.phonebook.utils.MyListener -- ======================================
11:38:06.389 [Test worker] INFO  com.phonebook.utils.MyListener -- The locator will findBy.name: password
11:38:06.390 [Test worker] INFO  com.phonebook.utils.MyListener -- ======================================
11:38:06.409 [Test worker] INFO  com.phonebook.utils.MyListener -- The locator isBy.name: password
11:38:06.409 [Test worker] INFO  com.phonebook.utils.MyListener -- ======================================
11:38:06.518 [Test worker] INFO  com.phonebook.utils.MyListener -- The locator will findBy.name: login
11:38:06.519 [Test worker] INFO  com.phonebook.utils.MyListener -- ======================================
11:38:06.546 [Test worker] INFO  com.phonebook.utils.MyListener -- The locator isBy.name: login
11:38:06.546 [Test worker] INFO  com.phonebook.utils.MyListener -- ======================================
11:38:06.735 [Test worker] INFO  com.phonebook.utils.MyListener -- The test a problem
11:38:06.736 [Test worker] INFO  com.phonebook.utils.MyListener -- ======================================
11:38:06.736 [Test worker] INFO  com.phonebook.utils.MyListener -- Method->alert
11:38:06.736 [Test worker] INFO  com.phonebook.utils.MyListener -- ======================================
11:38:06.745 [Test worker] INFO  com.phonebook.utils.MyListener -- TargetException-->org.openqa.selenium.NoAlertPresentException: no such alert
  (Session info: chrome=135.0.7049.115)
Build info: version: '4.30.0', revision: '509c7f17cc*'
System info: os.name: 'Windows 11', os.arch: 'amd64', os.version: '10.0', java.version: '17.0.13'
Driver info: org.openqa.selenium.chrome.ChromeDriver
Command: [2e237a791cf3ee93725064a58b5cd247, getAlertText {}]
Capabilities {acceptInsecureCerts: false, browserName: chrome, browserVersion: 135.0.7049.115, chrome: {chromedriverVersion: 135.0.7049.84 (6c019e560019..., userDataDir: C:\Users\marii\AppData\Loca...}, fedcm:accounts: true, goog:chromeOptions: {debuggerAddress: localhost:59099}, networkConnectionEnabled: false, pageLoadStrategy: normal, platformName: windows, proxy: Proxy(), se:cdp: ws://localhost:59099/devtoo..., se:cdpVersion: 135.0.7049.115, setWindowRect: true, strictFileInteractability: false, timeouts: {implicit: 0, pageLoad: 300000, script: 30000}, unhandledPromptBehavior: dismiss and notify, webauthn:extension:credBlob: true, webauthn:extension:largeBlob: true, webauthn:extension:minPinLength: true, webauthn:extension:prf: true, webauthn:virtualAuthenticators: true}
Session ID: 2e237a791cf3ee93725064a58b5cd247
11:38:06.746 [Test worker] INFO  com.phonebook.utils.MyListener -- ======================================
11:38:06.747 [Test worker] INFO  com.phonebook.utils.MyListener -- Object target-->org.openqa.selenium.remote.RemoteWebDriver$RemoteTargetLocator@eca6a74
11:38:06.747 [Test worker] INFO  com.phonebook.utils.MyListener -- ======================================
11:38:07.264 [Test worker] INFO  com.phonebook.utils.MyListener -- The test a problem
11:38:07.264 [Test worker] INFO  com.phonebook.utils.MyListener -- ======================================
11:38:07.265 [Test worker] INFO  com.phonebook.utils.MyListener -- Method->alert
11:38:07.265 [Test worker] INFO  com.phonebook.utils.MyListener -- ======================================
11:38:07.265 [Test worker] INFO  com.phonebook.utils.MyListener -- TargetException-->org.openqa.selenium.NoAlertPresentException: no such alert
  (Session info: chrome=135.0.7049.115)
Build info: version: '4.30.0', revision: '509c7f17cc*'
System info: os.name: 'Windows 11', os.arch: 'amd64', os.version: '10.0', java.version: '17.0.13'
Driver info: org.openqa.selenium.chrome.ChromeDriver
Command: [2e237a791cf3ee93725064a58b5cd247, getAlertText {}]
Capabilities {acceptInsecureCerts: false, browserName: chrome, browserVersion: 135.0.7049.115, chrome: {chromedriverVersion: 135.0.7049.84 (6c019e560019..., userDataDir: C:\Users\marii\AppData\Loca...}, fedcm:accounts: true, goog:chromeOptions: {debuggerAddress: localhost:59099}, networkConnectionEnabled: false, pageLoadStrategy: normal, platformName: windows, proxy: Proxy(), se:cdp: ws://localhost:59099/devtoo..., se:cdpVersion: 135.0.7049.115, setWindowRect: true, strictFileInteractability: false, timeouts: {implicit: 0, pageLoad: 300000, script: 30000}, unhandledPromptBehavior: dismiss and notify, webauthn:extension:credBlob: true, webauthn:extension:largeBlob: true, webauthn:extension:minPinLength: true, webauthn:extension:prf: true, webauthn:virtualAuthenticators: true}
Session ID: 2e237a791cf3ee93725064a58b5cd247
11:38:07.265 [Test worker] INFO  com.phonebook.utils.MyListener -- ======================================
11:38:07.265 [Test worker] INFO  com.phonebook.utils.MyListener -- Object target-->org.openqa.selenium.remote.RemoteWebDriver$RemoteTargetLocator@79fd6f95
11:38:07.266 [Test worker] INFO  com.phonebook.utils.MyListener -- ======================================
11:38:07.812 [Test worker] INFO  com.phonebook.tests.TestBase -- PASSED: loginNegativeWithoutEmailTest
11:38:07.813 [Test worker] INFO  com.phonebook.tests.TestBase -- Stop test
11:38:07.813 [Test worker] INFO  com.phonebook.tests.TestBase -- ===========================
]]></system-out>
  <system-err><![CDATA[]]></system-err>
</testsuite>
